> next-webpack-compression-plugin@0.1.0 build /home/p/Documents/next-webpack-compression-plugin
> next build


> Build error occurred
Error: Cannot find module 'webpack'
Require stack:
- /home/p/Documents/next-webpack-compression-plugin/node_modules/compression-webpack-plugin/dist/index.js
- /home/p/Documents/next-webpack-compression-plugin/node_modules/compression-webpack-plugin/dist/cjs.js
- /home/p/Documents/next-webpack-compression-plugin/next.config.js
- /home/p/Documents/next-webpack-compression-plugin/node_modules/next/dist/next-server/server/config.js
- /home/p/Documents/next-webpack-compression-plugin/node_modules/next/dist/build/index.js
- /home/p/Documents/next-webpack-compression-plugin/node_modules/next/dist/cli/next-build.js
- /home/p/Documents/next-webpack-compression-plugin/node_modules/next/dist/bin/next
    at Function.Module._resolveFilename (internal/modules/cjs/loader.js:880:15)
    at Function.Module._load (internal/modules/cjs/loader.js:725:27)
    at Module.require (internal/modules/cjs/loader.js:952:19)
    at require (internal/modules/cjs/helpers.js:88:18)
    at Object.<anonymous> (/home/p/Documents/next-webpack-compression-plugin/node_modules/compression-webpack-plugin/dist/index.js:12:40)
    at Module._compile (internal/modules/cjs/loader.js:1063:30)
    at Object.Module._extensions..js (internal/modules/cjs/loader.js:1092:10)
    at Module.load (internal/modules/cjs/loader.js:928:32)
    at Function.Module._load (internal/modules/cjs/loader.js:769:14)
    at Module.require (internal/modules/cjs/loader.js:952:19)
    at require (internal/modules/cjs/helpers.js:88:18)
    at Object.<anonymous> (/home/p/Documents/next-webpack-compression-plugin/node_modules/compression-webpack-plugin/dist/cjs.js:3:18)
    at Module._compile (internal/modules/cjs/loader.js:1063:30)
    at Object.Module._extensions..js (internal/modules/cjs/loader.js:1092:10)
    at Module.load (internal/modules/cjs/loader.js:928:32)
    at Function.Module._load (internal/modules/cjs/loader.js:769:14) {
  code: 'MODULE_NOT_FOUND',
  requireStack: [
    '/home/p/Documents/next-webpack-compression-plugin/node_modules/compression-webpack-plugin/dist/index.js',
    '/home/p/Documents/next-webpack-compression-plugin/node_modules/compression-webpack-plugin/dist/cjs.js',
    '/home/p/Documents/next-webpack-compression-plugin/next.config.js',
    '/home/p/Documents/next-webpack-compression-plugin/node_modules/next/dist/next-server/server/config.js',
    '/home/p/Documents/next-webpack-compression-plugin/node_modules/next/dist/build/index.js',
    '/home/p/Documents/next-webpack-compression-plugin/node_modules/next/dist/cli/next-build.js',
    '/home/p/Documents/next-webpack-compression-plugin/node_modules/next/dist/bin/next'
  ]
}
npm ERR! code ELIFECYCLE
npm ERR! errno 1
npm ERR! next-webpack-compression-plugin@0.1.0 build: `next build`
npm ERR! Exit status 1
npm ERR! 
npm ERR! Failed at the next-webpack-compression-plugin@0.1.0 build script.
npm ERR! This is probably not a problem with npm. There is likely additional logging output above.

npm ERR! A complete log of this run can be found in:
npm ERR!     /home/p/.npm/_logs/2021-02-24T21_34_08_615Z-debug.log

